TN:
SF:/Users/ducnguyen/my-dapp/src/components/Header/index.jsx
FN:19,(anonymous_0)
FNF:1
FNH:1
FNDA:3,(anonymous_0)
DA:7,1
DA:19,1
DA:20,3
DA:26,1
LF:4
LH:4
BRF:0
BRH:0
end_of_record
TN:
SF:/Users/ducnguyen/my-dapp/src/components/NOSActions/index.jsx
FN:57,onClick
FN:79,onClick
FN:93,onClick
FN:16,_callee$
FN:24,_callee2$
FN:26,_callee3$
FN:29,_callee4$
FN:32,_callee5$
FNF:8
FNH:0
FNDA:0,onClick
FNDA:0,onClick
FNDA:0,onClick
FNDA:0,_callee$
FNDA:0,_callee2$
FNDA:0,_callee3$
FNDA:0,_callee4$
FNDA:0,_callee5$
DA:1,0
DA:2,0
DA:3,0
DA:4,0
DA:6,0
DA:8,0
DA:16,0
DA:18,0
DA:24,0
DA:26,0
DA:29,0
DA:32,0
DA:35,0
DA:36,0
DA:39,0
DA:44,0
DA:45,0
DA:46,0
DA:49,0
DA:50,0
DA:52,0
DA:57,0
DA:79,0
DA:93,0
DA:102,0
LF:25
LH:0
BRDA:16,0,0,0
BRDA:16,0,1,0
BRDA:16,0,2,0
BRDA:16,0,3,0
BRDA:24,1,0,0
BRDA:24,1,1,0
BRDA:24,1,2,0
BRDA:24,1,3,0
BRDA:26,2,0,0
BRDA:26,2,1,0
BRDA:26,2,2,0
BRDA:26,2,3,0
BRDA:29,3,0,0
BRDA:29,3,1,0
BRDA:29,3,2,0
BRDA:29,3,3,0
BRDA:32,4,0,0
BRDA:32,4,1,0
BRDA:32,4,2,0
BRDA:32,4,3,0
BRF:20
BRH:0
end_of_record
TN:
SF:/Users/ducnguyen/my-dapp/src/components/SpinningLogo/index.jsx
FN:24,(anonymous_0)
FNF:1
FNH:1
FNDA:4,(anonymous_0)
DA:7,2
DA:24,2
DA:25,4
DA:30,2
LF:4
LH:4
BRF:0
BRH:0
end_of_record
TN:
SF:/Users/ducnguyen/my-dapp/src/nos/index.jsx
FN:6,injectNOS
FN:6,(anonymous_3)
FN:7,(anonymous_4)
FNF:3
FNH:0
FNDA:0,injectNOS
FNDA:0,(anonymous_3)
FNDA:0,(anonymous_4)
DA:1,0
DA:2,0
DA:6,0
DA:7,0
LF:4
LH:0
BRF:0
BRH:0
end_of_record
TN:
SF:/Users/ducnguyen/my-dapp/src/views/App/index.jsx
FN:29,App
FNF:1
FNH:0
FNDA:0,App
DA:1,0
DA:2,0
DA:3,0
DA:5,0
DA:6,0
DA:8,0
DA:29,0
DA:41,0
LF:8
LH:0
BRF:0
BRH:0
end_of_record
