{"/Users/ducnguyen/my-dapp/src/components/Header/index.jsx": {"path":"/Users/ducnguyen/my-dapp/src/components/Header/index.jsx","statementMap":{"0":{"start":{"line":7,"column":15},"end":{"line":17,"column":1}},"1":{"start":{"line":19,"column":15},"end":{"line":24,"column":1}},"2":{"start":{"line":20,"column":2},"end":{"line":23,"column":11}},"3":{"start":{"line":26,"column":0},"end":{"line":29,"column":2}}},"fnMap":{"0":{"name":"(anonymous_0)","decl":{"start":{"line":19,"column":15},"end":{"line":19,"column":16}},"loc":{"start":{"line":20,"column":2},"end":{"line":23,"column":11}},"line":20}},"branchMap":{},"s":{"0":1,"1":1,"2":3,"3":1},"f":{"0":3},"b":{},"_coverageSchema":"332fd63041d2c1bcb487cc26dd0d5f7d97098a6c","hash":"6dbef4dff6dfaa25d6a19723f2b13d1db5362794"}
,"/Users/ducnguyen/my-dapp/src/components/NOSActions/index.jsx": {"path":"/Users/ducnguyen/my-dapp/src/components/NOSActions/index.jsx","statementMap":{"0":{"start":{"line":1,"column":0},"end":{"line":null,"column":-1}},"1":{"start":{"line":2,"column":0},"end":{"line":null,"column":-1}},"2":{"start":{"line":3,"column":0},"end":{"line":null,"column":-1}},"3":{"start":{"line":4,"column":0},"end":{"line":null,"column":-1}},"4":{"start":{"line":6,"column":0},"end":{"line":null,"column":-1}},"5":{"start":{"line":8,"column":15},"end":{"line":8,"column":0}},"6":{"start":{"line":35,"column":11},"end":{"line":null,"column":-1}},"7":{"start":{"line":36,"column":24},"end":{"line":35,"column":11}},"8":{"start":{"line":39,"column":16},"end":{"line":39,"column":4}},"9":{"start":{"line":44,"column":30},"end":{"line":44,"column":4}},"10":{"start":{"line":45,"column":22},"end":{"line":45,"column":4}},"11":{"start":{"line":46,"column":17},"end":{"line":46,"column":4}},"12":{"start":{"line":49,"column":30},"end":{"line":49,"column":4}},"13":{"start":{"line":50,"column":16},"end":{"line":50,"column":4}},"14":{"start":{"line":52,"column":4},"end":{"line":null,"column":-1}},"15":{"start":{"line":57,"column":52},"end":{"line":null,"column":-1}},"16":{"start":{"line":79,"column":19},"end":{"line":null,"column":-1}},"17":{"start":{"line":93,"column":19},"end":{"line":null,"column":-1}},"18":{"start":{"line":16,"column":21},"end":{"line":null,"column":-1}},"19":{"start":{"line":18,"column":19},"end":{"line":null,"column":-1}},"20":{"start":{"line":24,"column":21},"end":{"line":null,"column":-1}},"21":{"start":{"line":26,"column":21},"end":{"line":null,"column":-1}},"22":{"start":{"line":29,"column":17},"end":{"line":null,"column":-1}},"23":{"start":{"line":32,"column":21},"end":{"line":null,"column":-1}},"24":{"start":{"line":102,"column":0},"end":{"line":null,"column":-1}}},"fnMap":{"0":{"name":"onClick","decl":{"start":{"line":57,"column":52},"end":{"line":null,"column":-1}},"loc":{"start":{"line":57,"column":52},"end":{"line":57,"column":8}}},"1":{"name":"onClick","decl":{"start":{"line":79,"column":19},"end":{"line":null,"column":-1}},"loc":{"start":{"line":79,"column":19},"end":{"line":null,"column":-1}}},"2":{"name":"onClick","decl":{"start":{"line":93,"column":19},"end":{"line":null,"column":-1}},"loc":{"start":{"line":93,"column":19},"end":{"line":null,"column":-1}}},"3":{"name":"_callee$","decl":{"start":{"line":16,"column":21},"end":{"line":null,"column":-1}},"loc":{"start":{"line":16,"column":21},"end":{"line":null,"column":-1}}},"4":{"name":"_callee2$","decl":{"start":{"line":24,"column":21},"end":{"line":null,"column":-1}},"loc":{"start":{"line":24,"column":21},"end":{"line":null,"column":-1}}},"5":{"name":"_callee3$","decl":{"start":{"line":26,"column":21},"end":{"line":null,"column":-1}},"loc":{"start":{"line":26,"column":21},"end":{"line":null,"column":-1}}},"6":{"name":"_callee4$","decl":{"start":{"line":29,"column":17},"end":{"line":null,"column":-1}},"loc":{"start":{"line":29,"column":17},"end":{"line":null,"column":-1}}},"7":{"name":"_callee5$","decl":{"start":{"line":32,"column":21},"end":{"line":null,"column":-1}},"loc":{"start":{"line":32,"column":21},"end":{"line":null,"column":-1}}}},"branchMap":{"0":{"loc":{"start":{"line":16,"column":21},"end":{"line":null,"column":-1}},"type":"switch","locations":[{"start":{"line":16,"column":21},"end":{"line":null,"column":-1}},{"start":{"line":16,"column":21},"end":{"line":null,"column":-1}},{"start":{"line":16,"column":21},"end":{"line":null,"column":-1}},{"start":{"line":16,"column":21},"end":{"line":null,"column":-1}}]},"1":{"loc":{"start":{"line":24,"column":21},"end":{"line":null,"column":-1}},"type":"switch","locations":[{"start":{"line":24,"column":21},"end":{"line":null,"column":-1}},{"start":{"line":24,"column":21},"end":{"line":null,"column":-1}},{"start":{"line":24,"column":21},"end":{"line":null,"column":-1}},{"start":{"line":24,"column":21},"end":{"line":null,"column":-1}}]},"2":{"loc":{"start":{"line":26,"column":21},"end":{"line":null,"column":-1}},"type":"switch","locations":[{"start":{"line":26,"column":21},"end":{"line":null,"column":-1}},{"start":{"line":26,"column":21},"end":{"line":null,"column":-1}},{"start":{"line":26,"column":21},"end":{"line":null,"column":-1}},{"start":{"line":26,"column":21},"end":{"line":null,"column":-1}}]},"3":{"loc":{"start":{"line":29,"column":17},"end":{"line":null,"column":-1}},"type":"switch","locations":[{"start":{"line":29,"column":17},"end":{"line":null,"column":-1}},{"start":{"line":29,"column":17},"end":{"line":null,"column":-1}},{"start":{"line":29,"column":17},"end":{"line":null,"column":-1}},{"start":{"line":29,"column":17},"end":{"line":null,"column":-1}}]},"4":{"loc":{"start":{"line":32,"column":21},"end":{"line":null,"column":-1}},"type":"switch","locations":[{"start":{"line":32,"column":21},"end":{"line":null,"column":-1}},{"start":{"line":32,"column":21},"end":{"line":null,"column":-1}},{"start":{"line":32,"column":21},"end":{"line":null,"column":-1}},{"start":{"line":32,"column":21},"end":{"line":null,"column":-1}}]}},"s":{"0":0,"1":0,"2":0,"3":0,"4":0,"5":0,"6":0,"7":0,"8":0,"9":0,"10":0,"11":0,"12":0,"13":0,"14":0,"15":0,"16":0,"17":0,"18":0,"19":0,"20":0,"21":0,"22":0,"23":0,"24":0},"f":{"0":0,"1":0,"2":0,"3":0,"4":0,"5":0,"6":0,"7":0},"b":{"0":[0,0,0,0],"1":[0,0,0,0],"2":[0,0,0,0],"3":[0,0,0,0],"4":[0,0,0,0]}}
,"/Users/ducnguyen/my-dapp/src/components/SpinningLogo/index.jsx": {"path":"/Users/ducnguyen/my-dapp/src/components/SpinningLogo/index.jsx","statementMap":{"0":{"start":{"line":7,"column":15},"end":{"line":22,"column":1}},"1":{"start":{"line":24,"column":21},"end":{"line":28,"column":1}},"2":{"start":{"line":25,"column":2},"end":{"line":27,"column":8}},"3":{"start":{"line":30,"column":0},"end":{"line":32,"column":2}}},"fnMap":{"0":{"name":"(anonymous_0)","decl":{"start":{"line":24,"column":21},"end":{"line":24,"column":22}},"loc":{"start":{"line":25,"column":2},"end":{"line":27,"column":8}},"line":25}},"branchMap":{},"s":{"0":2,"1":2,"2":4,"3":2},"f":{"0":4},"b":{},"_coverageSchema":"332fd63041d2c1bcb487cc26dd0d5f7d97098a6c","hash":"9f0eb3774c0c0eb3f7265813a40dc878ba9cad85"}
,"/Users/ducnguyen/my-dapp/src/nos/index.jsx": {"path":"/Users/ducnguyen/my-dapp/src/nos/index.jsx","statementMap":{"0":{"start":{"line":1,"column":0},"end":{"line":null,"column":-1}},"1":{"start":{"line":2,"column":0},"end":{"line":null,"column":-1}},"2":{"start":{"line":6,"column":18},"end":{"line":6,"column":0}},"3":{"start":{"line":6,"column":18},"end":{"line":null,"column":-1}},"4":{"start":{"line":6,"column":31},"end":{"line":null,"column":-1}},"5":{"start":{"line":7,"column":13},"end":{"line":null,"column":-1}}},"fnMap":{"0":{"name":"injectNOS","decl":{"start":{"line":6,"column":6},"end":{"line":6,"column":18}},"loc":{"start":{"line":6,"column":18},"end":{"line":6,"column":0}}},"1":{"name":"(anonymous_3)","decl":{"start":{"line":6,"column":31},"end":{"line":null,"column":-1}},"loc":{"start":{"line":6,"column":31},"end":{"line":6,"column":18}}},"2":{"name":"(anonymous_4)","decl":{"start":{"line":7,"column":13},"end":{"line":null,"column":-1}},"loc":{"start":{"line":7,"column":13},"end":{"line":null,"column":-1}}}},"branchMap":{},"s":{"0":0,"1":0,"2":0,"3":0,"4":0,"5":0},"f":{"0":0,"1":0,"2":0},"b":{}}
,"/Users/ducnguyen/my-dapp/src/views/App/index.jsx": {"path":"/Users/ducnguyen/my-dapp/src/views/App/index.jsx","statementMap":{"0":{"start":{"line":1,"column":0},"end":{"line":null,"column":-1}},"1":{"start":{"line":2,"column":0},"end":{"line":null,"column":-1}},"2":{"start":{"line":3,"column":0},"end":{"line":null,"column":-1}},"3":{"start":{"line":5,"column":0},"end":{"line":null,"column":-1}},"4":{"start":{"line":6,"column":0},"end":{"line":null,"column":-1}},"5":{"start":{"line":8,"column":15},"end":{"line":8,"column":0}},"6":{"start":{"line":29,"column":12},"end":{"line":29,"column":0}},"7":{"start":{"line":29,"column":12},"end":{"line":29,"column":11}},"8":{"start":{"line":29,"column":12},"end":{"line":null,"column":-1}},"9":{"start":{"line":41,"column":0},"end":{"line":null,"column":-1}}},"fnMap":{"0":{"name":"App","decl":{"start":{"line":29,"column":6},"end":{"line":29,"column":12}},"loc":{"start":{"line":29,"column":12},"end":{"line":29,"column":0}}}},"branchMap":{},"s":{"0":0,"1":0,"2":0,"3":0,"4":0,"5":0,"6":0,"7":0,"8":0,"9":0},"f":{"0":0},"b":{}}
}
